<?xml version="1.0" encoding="UTF-8"?>
<!-- Generated by org.testng.reporters.JUnitXMLReporter -->
<testsuite ignored="4" hostname="DESKTOP-FQ4JAQE" failures="0" tests="1" name="Default test" time="6.937" errors="0" timestamp="2024-09-21T01:57:27 IST">
  <testcase classname="com.example.tests.EndToEndTest" name="createPostWithInvalidUserId" time="5.226"/>
  <testcase classname="com.example.tests.EndToEndTest" name="updatePostWithInvalidId" time="0.0">
    <ignored/>
  </testcase> <!-- updatePostWithInvalidId -->
  <testcase classname="com.example.tests.EndToEndTest" name="createPostWithInvalidData" time="0.0">
    <ignored/>
  </testcase> <!-- createPostWithInvalidData -->
  <testcase classname="com.example.tests.EndToEndTest" name="endToEndTest" time="0.0">
    <ignored/>
  </testcase> <!-- endToEndTest -->
  <testcase classname="com.example.tests.EndToEndTest" name="deletePostWithInvalidId" time="0.0">
    <ignored/>
  </testcase> <!-- deletePostWithInvalidId -->
</testsuite> <!-- Default test -->
