<?xml version="1.0" encoding="UTF-8"?>
<testng-results ignored="0" total="2" passed="2" failed="0" skipped="0">
  <reporter-output>
  </reporter-output>
  <suite started-at="2024-09-21T01:01:10 IST" name="Surefire suite" finished-at="2024-09-21T01:01:18 IST" duration-ms="7665">
    <groups>
    </groups>
    <test started-at="2024-09-21T01:01:10 IST" name="Surefire test" finished-at="2024-09-21T01:01:18 IST" duration-ms="7665">
      <class name="com.example.tests.ApiTest">
        <test-method is-config="true" signature="setup()[pri:0, instance:com.example.tests.ApiTest@add0edd]" started-at="2024-09-21T01:01:10 IST" name="setup" finished-at="2024-09-21T01:01:12 IST" duration-ms="1462" status="PASS">
          <reporter-output>
          </reporter-output>
        </test-method> <!-- setup -->
        <test-method signature="anotherExampleTest()[pri:0, instance:com.example.tests.ApiTest@add0edd]" started-at="2024-09-21T01:01:12 IST" name="anotherExampleTest" finished-at="2024-09-21T01:01:17 IST" duration-ms="5797" status="PASS">
          <reporter-output>
          </reporter-output>
        </test-method> <!-- anotherExampleTest -->
        <test-method signature="exampleTest()[pri:0, instance:com.example.tests.ApiTest@add0edd]" started-at="2024-09-21T01:01:17 IST" name="exampleTest" finished-at="2024-09-21T01:01:18 IST" duration-ms="309" status="PASS">
          <reporter-output>
          </reporter-output>
        </test-method> <!-- exampleTest -->
      </class> <!-- com.example.tests.ApiTest -->
    </test> <!-- Surefire test -->
  </suite> <!-- Surefire suite -->
</testng-results>
