<?xml version="1.0" encoding="UTF-8"?>
<testng-results ignored="4" total="5" passed="1" failed="0" skipped="0">
  <reporter-output>
  </reporter-output>
  <suite started-at="2024-09-21T01:57:20 IST" name="Default suite" finished-at="2024-09-21T01:57:27 IST" duration-ms="6937">
    <groups>
    </groups>
    <test started-at="2024-09-21T01:57:20 IST" name="Default test" finished-at="2024-09-21T01:57:27 IST" duration-ms="6937">
      <class name="com.example.tests.EndToEndTest">
        <test-method is-config="true" signature="setup()[pri:0, instance:com.example.tests.EndToEndTest@55b7a4e0]" started-at="2024-09-21T01:57:20 IST" name="setup" finished-at="2024-09-21T01:57:22 IST" duration-ms="1619" status="PASS">
          <reporter-output>
          </reporter-output>
        </test-method> <!-- setup -->
        <test-method signature="createPostWithInvalidUserId()[pri:0, instance:com.example.tests.EndToEndTest@55b7a4e0]" started-at="2024-09-21T01:57:22 IST" name="createPostWithInvalidUserId" finished-at="2024-09-21T01:57:27 IST" duration-ms="5226" status="PASS">
          <reporter-output>
          </reporter-output>
        </test-method> <!-- createPostWithInvalidUserId -->
      </class> <!-- com.example.tests.EndToEndTest -->
    </test> <!-- Default test -->
  </suite> <!-- Default suite -->
</testng-results>
